<?xml version="1.0" encoding="UTF-8"?>
<testsuite xmlns:xsi="http://www.w3.org/2001/XMLSchema-instance" xsi:noNamespaceSchemaLocation="https://maven.apache.org/surefire/maven-surefire-plugin/xsd/surefire-test-report-3.0.xsd" version="3.0" name="marinemaks.PetClinicApplicationTests" time="2.575" tests="1" errors="0" skipped="0" failures="0">
  <properties>
[...]
</properties>
  <testcase name="contextLoads" classname="marinemaks.PetClinicApplicationTests" time="0.385">
    <system-out><![CDATA[02:38:32.264 [main] INFO org.springframework.test.context.support.AnnotationConfigContextLoaderUtils -- Could not detect default configuration classes for test class [marinemaks.PetClinicApplicationTests]: PetClinicApplicationTests does not declare any static, non-private, non-final, nested classes annotated with @Configuration.
02:38:32.314 [main] INFO org.springframework.boot.test.context.SpringBootTestContextBootstrapper -- Found @SpringBootConfiguration marinemaks.PetClinicApplication for test class marinemaks.PetClinicApplicationTests
02:38:32.384 [main] INFO org.springframework.boot.devtools.restart.RestartApplicationListener -- Restart disabled due to context in which it is running

  .   ____          _            __ _ _
 /\\ / ___'_ __ _ _(_)_ __  __ _ \ \ \ \
( ( )\___ | '_ | '_| | '_ \/ _` | \ \ \ \
 \\/  ___)| |_)| | | | | || (_| |  ) ) ) )
  '  |____| .__|_| |_|_| |_\__, | / / / /
 =========|_|==============|___/=/_/_/_/
 :: Spring Boot ::                (v3.2.0)

2023-12-21T02:38:32.484Z  INFO 97956 --- [           main] marinemaks.PetClinicApplicationTests     : Starting PetClinicApplicationTests using Java 17.0.2 with PID 97956 (started by mariia.maksimova in /Users/mariia.maksimova/Courses/mm-petclinic/petclinic-web)
2023-12-21T02:38:32.485Z  INFO 97956 --- [           main] marinemaks.PetClinicApplicationTests     : No active profile set, falling back to 1 default profile: "default"
2023-12-21T02:38:32.880Z  INFO 97956 --- [           main] .s.d.r.c.RepositoryConfigurationDelegate : Bootstrapping Spring Data JPA repositories in DEFAULT mode.
2023-12-21T02:38:32.890Z  INFO 97956 --- [           main] .s.d.r.c.RepositoryConfigurationDelegate : Finished Spring Data repository scanning in 6 ms. Found 0 JPA repository interfaces.
2023-12-21T02:38:33.163Z  INFO 97956 --- [           main] com.zaxxer.hikari.HikariDataSource       : HikariPool-1 - Starting...
2023-12-21T02:38:33.259Z  INFO 97956 --- [           main] com.zaxxer.hikari.pool.HikariPool        : HikariPool-1 - Added connection conn0: url=jdbc:h2:mem:007954bc-47a8-480b-8070-9957a08485c0 user=SA
2023-12-21T02:38:33.260Z  INFO 97956 --- [           main] com.zaxxer.hikari.HikariDataSource       : HikariPool-1 - Start completed.
2023-12-21T02:38:33.289Z  INFO 97956 --- [           main] o.hibernate.jpa.internal.util.LogHelper  : HHH000204: Processing PersistenceUnitInfo [name: default]
2023-12-21T02:38:33.317Z  INFO 97956 --- [           main] org.hibernate.Version                    : HHH000412: Hibernate ORM core version 6.3.1.Final
2023-12-21T02:38:33.334Z  INFO 97956 --- [           main] o.h.c.internal.RegionFactoryInitiator    : HHH000026: Second-level cache disabled
2023-12-21T02:38:33.449Z  INFO 97956 --- [           main] o.s.o.j.p.SpringPersistenceUnitInfo      : No LoadTimeWeaver setup: ignoring JPA class transformer
2023-12-21T02:38:33.617Z  INFO 97956 --- [           main] o.h.e.t.j.p.i.JtaPlatformInitiator       : HHH000489: No JTA platform available (set 'hibernate.transaction.jta.platform' to enable JTA platform integration)
2023-12-21T02:38:33.619Z  INFO 97956 --- [           main] j.LocalContainerEntityManagerFactoryBean : Initialized JPA EntityManagerFactory for persistence unit 'default'
2023-12-21T02:38:33.747Z  WARN 97956 --- [           main] JpaBaseConfiguration$JpaWebConfiguration : spring.jpa.open-in-view is enabled by default. Therefore, database queries may be performed during view rendering. Explicitly configure spring.jpa.open-in-view to disable this warning
2023-12-21T02:38:33.989Z  WARN 97956 --- [           main] ion$DefaultTemplateResolverConfiguration : Cannot find template location: classpath:/templates/ (please add some templates, check your Thymeleaf configuration, or set spring.thymeleaf.check-template-location=false)
2023-12-21T02:38:34.262Z  INFO 97956 --- [           main] o.s.b.a.e.web.EndpointLinksResolver      : Exposing 1 endpoint(s) beneath base path '/actuator'
2023-12-21T02:38:34.302Z  INFO 97956 --- [           main] marinemaks.PetClinicApplicationTests     : Started PetClinicApplicationTests in 1.924 seconds (process running for 2.497)
]]></system-out>
  </testcase>
</testsuite>